<?xml version="1.0" encoding="UTF-8"?>
<!-- Generated by org.testng.reporters.JUnitXMLReporter -->
<testsuite ignored="0" hostname="MSI" failures="0" tests="3" name="Default test" time="0.096" errors="0" timestamp="2025-04-02T14:37:28 IST">
  <testcase classname="testNgPractise.DataProvidrExmple2" name="createContactTest" time="0.023"/>
  <testcase classname="testNgPractise.DataProvidrExmple2" name="createContactTest" time="0.002"/>
  <testcase classname="testNgPractise.DataProvidrExmple2" name="createContactTest" time="0.002"/>
</testsuite> <!-- Default test -->
