<?xml version="1.0" encoding="UTF-8"?>
<testng-results ignored="0" total="3" passed="3" failed="0" skipped="0">
  <reporter-output>
  </reporter-output>
  <suite started-at="2025-04-02T14:37:28 IST" name="Default suite" finished-at="2025-04-02T14:37:28 IST" duration-ms="96">
    <groups>
    </groups>
    <test started-at="2025-04-02T14:37:28 IST" name="Default test" finished-at="2025-04-02T14:37:28 IST" duration-ms="96">
      <class name="testNgPractise.DataProvidrExmple2">
        <test-method signature="createContactTest(java.lang.String,java.lang.String)[pri:0, instance:testNgPractise.DataProvidrExmple2@c267ef4]" started-at="2025-04-02T14:37:28 IST" name="createContactTest" data-provider="getData" finished-at="2025-04-02T14:37:28 IST" duration-ms="23" status="PASS">
          <params>
            <param index="0">
              <value>
                <![CDATA[deepak]]>
              </value>
            </param>
            <param index="1">
              <value>
                <![CDATA[hr]]>
              </value>
            </param>
          </params>
          <reporter-output>
          </reporter-output>
        </test-method> <!-- createContactTest -->
        <test-method signature="createContactTest(java.lang.String,java.lang.String)[pri:0, instance:testNgPractise.DataProvidrExmple2@c267ef4]" started-at="2025-04-02T14:37:28 IST" name="createContactTest" data-provider="getData" finished-at="2025-04-02T14:37:28 IST" duration-ms="2" status="PASS">
          <params>
            <param index="0">
              <value>
                <![CDATA[sam]]>
              </value>
            </param>
            <param index="1">
              <value>
                <![CDATA[sh]]>
              </value>
            </param>
          </params>
          <reporter-output>
          </reporter-output>
        </test-method> <!-- createContactTest -->
        <test-method signature="createContactTest(java.lang.String,java.lang.String)[pri:0, instance:testNgPractise.DataProvidrExmple2@c267ef4]" started-at="2025-04-02T14:37:28 IST" name="createContactTest" data-provider="getData" finished-at="2025-04-02T14:37:28 IST" duration-ms="2" status="PASS">
          <params>
            <param index="0">
              <value>
                <![CDATA[jhon]]>
              </value>
            </param>
            <param index="1">
              <value>
                <![CDATA[smith]]>
              </value>
            </param>
          </params>
          <reporter-output>
          </reporter-output>
        </test-method> <!-- createContactTest -->
      </class> <!-- testNgPractise.DataProvidrExmple2 -->
    </test> <!-- Default test -->
  </suite> <!-- Default suite -->
</testng-results>
