<?xml version="1.0" encoding="UTF-8"?>
<!-- Generated by org.testng.reporters.JUnitXMLReporter -->
<testsuite ignored="0" hostname="MSI" failures="0" tests="3" name="Test" time="0.071" errors="0" timestamp="2025-04-01T10:49:47 IST">
  <testcase classname="testNgPractise.DataProvidrExmple2" name="createContactTest" time="0.017"/>
  <testcase classname="testNgPractise.DataProvidrExmple2" name="createContactTest" time="0.002"/>
  <testcase classname="testNgPractise.DataProvidrExmple2" name="createContactTest" time="0.002"/>
</testsuite> <!-- Test -->
